19:27:28,683 ERROR TaxpayerHibernate:130 - E2 submit childs error 
org.hibernate.exception.SQLGrammarException: could not insert: [gr.manousos.model.E2otherEstate]
	at org.hibernate.exception.SQLStateConverter.convert(SQLStateConverter.java:92)
	at org.hibernate.exception.JDBCExceptionHelper.convert(JDBCExceptionHelper.java:66)
	at org.hibernate.id.insert.AbstractReturningDelegate.performInsert(AbstractReturningDelegate.java:64)
	at org.hibernate.persister.entity.AbstractEntityPersister.insert(AbstractEntityPersister.java:2329)
	at org.hibernate.persister.entity.AbstractEntityPersister.insert(AbstractEntityPersister.java:2836)
	at org.hibernate.action.EntityIdentityInsertAction.execute(EntityIdentityInsertAction.java:71)
	at org.hibernate.engine.ActionQueue.execute(ActionQueue.java:268)
	at org.hibernate.event.def.AbstractSaveEventListener.performSaveOrReplicate(AbstractSaveEventListener.java:321)
	at org.hibernate.event.def.AbstractSaveEventListener.performSave(AbstractSaveEventListener.java:204)
	at org.hibernate.event.def.AbstractSaveEventListener.saveWithGeneratedId(AbstractSaveEventListener.java:130)
	at org.hibernate.event.def.DefaultSaveOrUpdateEventListener.saveWithGeneratedOrRequestedId(DefaultSaveOrUpdateEventListener.java:210)
	at org.hibernate.event.def.DefaultSaveOrUpdateEventListener.entityIsTransient(DefaultSaveOrUpdateEventListener.java:195)
	at org.hibernate.event.def.DefaultSaveOrUpdateEventListener.performSaveOrUpdate(DefaultSaveOrUpdateEventListener.java:117)
	at org.hibernate.event.def.DefaultSaveOrUpdateEventListener.onSaveOrUpdate(DefaultSaveOrUpdateEventListener.java:93)
	at org.hibernate.impl.SessionImpl.fireSaveOrUpdate(SessionImpl.java:677)
	at org.hibernate.impl.SessionImpl.saveOrUpdate(SessionImpl.java:669)
	at org.hibernate.impl.SessionImpl.saveOrUpdate(SessionImpl.java:665)
	at sun.reflect.NativeMethodAccessorImpl.invoke0(Native Method)
	at sun.reflect.NativeMethodAccessorImpl.invoke(NativeMethodAccessorImpl.java:57)
	at sun.reflect.DelegatingMethodAccessorImpl.invoke(DelegatingMethodAccessorImpl.java:43)
	at java.lang.reflect.Method.invoke(Method.java:616)
	at org.hibernate.context.ThreadLocalSessionContext$TransactionProtectionWrapper.invoke(ThreadLocalSessionContext.java:344)
	at $Proxy0.saveOrUpdate(Unknown Source)
	at gr.manousos.DAO.Hibernate.E2Hibernate.submitE2(E2Hibernate.java:128)
	at gr.manousos.DAO.Hibernate.E2Hibernate.makePersistent(E2Hibernate.java:70)
	at gr.manousos.DAO.Hibernate.E2Hibernate.makePersistent(E2Hibernate.java:1)
	at gr.manousos.test.TestConsole.main(TestConsole.java:94)
Caused by: com.mysql.jdbc.exceptions.jdbc4.MySQLSyntaxErrorException: You have an error in your SQL syntax; check the manual that corresponds to your MySQL server version for the right syntax to use near 'Usage, Area) values (9, 2013, 'o title from test', 'o location from test', 'o po' at line 1
	at sun.reflect.NativeConstructorAccessorImpl.newInstance0(Native Method)
	at sun.reflect.NativeConstructorAccessorImpl.newInstance(NativeConstructorAccessorImpl.java:57)
	at sun.reflect.DelegatingConstructorAccessorImpl.newInstance(DelegatingConstructorAccessorImpl.java:45)
	at java.lang.reflect.Constructor.newInstance(Constructor.java:532)
	at com.mysql.jdbc.Util.handleNewInstance(Util.java:411)
	at com.mysql.jdbc.Util.getInstance(Util.java:386)
	at com.mysql.jdbc.SQLError.createSQLException(SQLError.java:1053)
	at com.mysql.jdbc.MysqlIO.checkErrorPacket(MysqlIO.java:4096)
	at com.mysql.jdbc.MysqlIO.checkErrorPacket(MysqlIO.java:4028)
	at com.mysql.jdbc.MysqlIO.sendCommand(MysqlIO.java:2490)
	at com.mysql.jdbc.MysqlIO.sqlQueryDirect(MysqlIO.java:2651)
	at com.mysql.jdbc.ConnectionImpl.execSQL(ConnectionImpl.java:2734)
	at com.mysql.jdbc.PreparedStatement.executeInternal(PreparedStatement.java:2155)
	at com.mysql.jdbc.PreparedStatement.executeUpdate(PreparedStatement.java:2458)
	at com.mysql.jdbc.PreparedStatement.executeUpdate(PreparedStatement.java:2375)
	at com.mysql.jdbc.PreparedStatement.executeUpdate(PreparedStatement.java:2359)
	at org.hibernate.id.IdentityGenerator$GetGeneratedKeysDelegate.executeAndExtract(IdentityGenerator.java:94)
	at org.hibernate.id.insert.AbstractReturningDelegate.performInsert(AbstractReturningDelegate.java:57)
	... 24 more
19:27:37,959 ERROR TaxpayerHibernate:73 - E2 makePersistent error 
org.hibernate.SessionException: Session is closed!
	at org.hibernate.impl.AbstractSessionImpl.errorIfClosed(AbstractSessionImpl.java:72)
	at org.hibernate.impl.SessionImpl.getTransaction(SessionImpl.java:1451)
	at sun.reflect.NativeMethodAccessorImpl.invoke0(Native Method)
	at sun.reflect.NativeMethodAccessorImpl.invoke(NativeMethodAccessorImpl.java:57)
	at sun.reflect.DelegatingMethodAccessorImpl.invoke(DelegatingMethodAccessorImpl.java:43)
	at java.lang.reflect.Method.invoke(Method.java:616)
	at org.hibernate.context.ThreadLocalSessionContext$TransactionProtectionWrapper.invoke(ThreadLocalSessionContext.java:344)
	at $Proxy0.getTransaction(Unknown Source)
	at gr.manousos.DAO.Hibernate.E2Hibernate.makePersistent(E2Hibernate.java:71)
	at gr.manousos.DAO.Hibernate.E2Hibernate.makePersistent(E2Hibernate.java:1)
	at gr.manousos.test.TestConsole.main(TestConsole.java:94)
21:24:03,949 ERROR TaxpayerHibernate:130 - E2 submit childs error 
org.hibernate.exception.SQLGrammarException: could not insert: [gr.manousos.model.E2estate]
	at org.hibernate.exception.SQLStateConverter.convert(SQLStateConverter.java:92)
	at org.hibernate.exception.JDBCExceptionHelper.convert(JDBCExceptionHelper.java:66)
	at org.hibernate.id.insert.AbstractReturningDelegate.performInsert(AbstractReturningDelegate.java:64)
	at org.hibernate.persister.entity.AbstractEntityPersister.insert(AbstractEntityPersister.java:2329)
	at org.hibernate.persister.entity.AbstractEntityPersister.insert(AbstractEntityPersister.java:2836)
	at org.hibernate.action.EntityIdentityInsertAction.execute(EntityIdentityInsertAction.java:71)
	at org.hibernate.engine.ActionQueue.execute(ActionQueue.java:268)
	at org.hibernate.event.def.AbstractSaveEventListener.performSaveOrReplicate(AbstractSaveEventListener.java:321)
	at org.hibernate.event.def.AbstractSaveEventListener.performSave(AbstractSaveEventListener.java:204)
	at org.hibernate.event.def.AbstractSaveEventListener.saveWithGeneratedId(AbstractSaveEventListener.java:130)
	at org.hibernate.event.def.DefaultSaveOrUpdateEventListener.saveWithGeneratedOrRequestedId(DefaultSaveOrUpdateEventListener.java:210)
	at org.hibernate.event.def.DefaultSaveOrUpdateEventListener.entityIsTransient(DefaultSaveOrUpdateEventListener.java:195)
	at org.hibernate.event.def.DefaultSaveOrUpdateEventListener.performSaveOrUpdate(DefaultSaveOrUpdateEventListener.java:117)
	at org.hibernate.event.def.DefaultSaveOrUpdateEventListener.onSaveOrUpdate(DefaultSaveOrUpdateEventListener.java:93)
	at org.hibernate.impl.SessionImpl.fireSaveOrUpdate(SessionImpl.java:677)
	at org.hibernate.impl.SessionImpl.saveOrUpdate(SessionImpl.java:669)
	at org.hibernate.impl.SessionImpl.saveOrUpdate(SessionImpl.java:665)
	at sun.reflect.NativeMethodAccessorImpl.invoke0(Native Method)
	at sun.reflect.NativeMethodAccessorImpl.invoke(NativeMethodAccessorImpl.java:57)
	at sun.reflect.DelegatingMethodAccessorImpl.invoke(DelegatingMethodAccessorImpl.java:43)
	at java.lang.reflect.Method.invoke(Method.java:616)
	at org.hibernate.context.ThreadLocalSessionContext$TransactionProtectionWrapper.invoke(ThreadLocalSessionContext.java:344)
	at $Proxy0.saveOrUpdate(Unknown Source)
	at gr.manousos.DAO.Hibernate.E2Hibernate.submitE2(E2Hibernate.java:122)
	at gr.manousos.DAO.Hibernate.E2Hibernate.makePersistent(E2Hibernate.java:70)
	at gr.manousos.DAO.Hibernate.E2Hibernate.makePersistent(E2Hibernate.java:1)
	at gr.manousos.test.TestConsole.main(TestConsole.java:85)
Caused by: com.mysql.jdbc.exceptions.jdbc4.MySQLSyntaxErrorException: You have an error in your SQL syntax; check the manual that corresponds to your MySQL server version for the right syntax to use near 'From, To, MonthlyRental, RersentCoOwner, RevenueFreeHome, RevenueFreeOffice, Rev' at line 1
	at sun.reflect.NativeConstructorAccessorImpl.newInstance0(Native Method)
	at sun.reflect.NativeConstructorAccessorImpl.newInstance(NativeConstructorAccessorImpl.java:57)
	at sun.reflect.DelegatingConstructorAccessorImpl.newInstance(DelegatingConstructorAccessorImpl.java:45)
	at java.lang.reflect.Constructor.newInstance(Constructor.java:532)
	at com.mysql.jdbc.Util.handleNewInstance(Util.java:411)
	at com.mysql.jdbc.Util.getInstance(Util.java:386)
	at com.mysql.jdbc.SQLError.createSQLException(SQLError.java:1053)
	at com.mysql.jdbc.MysqlIO.checkErrorPacket(MysqlIO.java:4096)
	at com.mysql.jdbc.MysqlIO.checkErrorPacket(MysqlIO.java:4028)
	at com.mysql.jdbc.MysqlIO.sendCommand(MysqlIO.java:2490)
	at com.mysql.jdbc.MysqlIO.sqlQueryDirect(MysqlIO.java:2651)
	at com.mysql.jdbc.ConnectionImpl.execSQL(ConnectionImpl.java:2734)
	at com.mysql.jdbc.PreparedStatement.executeInternal(PreparedStatement.java:2155)
	at com.mysql.jdbc.PreparedStatement.executeUpdate(PreparedStatement.java:2458)
	at com.mysql.jdbc.PreparedStatement.executeUpdate(PreparedStatement.java:2375)
	at com.mysql.jdbc.PreparedStatement.executeUpdate(PreparedStatement.java:2359)
	at org.hibernate.id.IdentityGenerator$GetGeneratedKeysDelegate.executeAndExtract(IdentityGenerator.java:94)
	at org.hibernate.id.insert.AbstractReturningDelegate.performInsert(AbstractReturningDelegate.java:57)
	... 24 more
21:24:04,015 ERROR TaxpayerHibernate:73 - E2 makePersistent error 
org.hibernate.SessionException: Session is closed!
	at org.hibernate.impl.AbstractSessionImpl.errorIfClosed(AbstractSessionImpl.java:72)
	at org.hibernate.impl.SessionImpl.getTransaction(SessionImpl.java:1451)
	at sun.reflect.NativeMethodAccessorImpl.invoke0(Native Method)
	at sun.reflect.NativeMethodAccessorImpl.invoke(NativeMethodAccessorImpl.java:57)
	at sun.reflect.DelegatingMethodAccessorImpl.invoke(DelegatingMethodAccessorImpl.java:43)
	at java.lang.reflect.Method.invoke(Method.java:616)
	at org.hibernate.context.ThreadLocalSessionContext$TransactionProtectionWrapper.invoke(ThreadLocalSessionContext.java:344)
	at $Proxy0.getTransaction(Unknown Source)
	at gr.manousos.DAO.Hibernate.E2Hibernate.makePersistent(E2Hibernate.java:71)
	at gr.manousos.DAO.Hibernate.E2Hibernate.makePersistent(E2Hibernate.java:1)
	at gr.manousos.test.TestConsole.main(TestConsole.java:85)
21:28:44,848 ERROR TaxpayerHibernate:130 - E2 submit childs error 
org.hibernate.exception.SQLGrammarException: could not insert: [gr.manousos.model.E2estate]
	at org.hibernate.exception.SQLStateConverter.convert(SQLStateConverter.java:92)
	at org.hibernate.exception.JDBCExceptionHelper.convert(JDBCExceptionHelper.java:66)
	at org.hibernate.id.insert.AbstractReturningDelegate.performInsert(AbstractReturningDelegate.java:64)
	at org.hibernate.persister.entity.AbstractEntityPersister.insert(AbstractEntityPersister.java:2329)
	at org.hibernate.persister.entity.AbstractEntityPersister.insert(AbstractEntityPersister.java:2836)
	at org.hibernate.action.EntityIdentityInsertAction.execute(EntityIdentityInsertAction.java:71)
	at org.hibernate.engine.ActionQueue.execute(ActionQueue.java:268)
	at org.hibernate.event.def.AbstractSaveEventListener.performSaveOrReplicate(AbstractSaveEventListener.java:321)
	at org.hibernate.event.def.AbstractSaveEventListener.performSave(AbstractSaveEventListener.java:204)
	at org.hibernate.event.def.AbstractSaveEventListener.saveWithGeneratedId(AbstractSaveEventListener.java:130)
	at org.hibernate.event.def.DefaultSaveOrUpdateEventListener.saveWithGeneratedOrRequestedId(DefaultSaveOrUpdateEventListener.java:210)
	at org.hibernate.event.def.DefaultSaveOrUpdateEventListener.entityIsTransient(DefaultSaveOrUpdateEventListener.java:195)
	at org.hibernate.event.def.DefaultSaveOrUpdateEventListener.performSaveOrUpdate(DefaultSaveOrUpdateEventListener.java:117)
	at org.hibernate.event.def.DefaultSaveOrUpdateEventListener.onSaveOrUpdate(DefaultSaveOrUpdateEventListener.java:93)
	at org.hibernate.impl.SessionImpl.fireSaveOrUpdate(SessionImpl.java:677)
	at org.hibernate.impl.SessionImpl.saveOrUpdate(SessionImpl.java:669)
	at org.hibernate.impl.SessionImpl.saveOrUpdate(SessionImpl.java:665)
	at sun.reflect.NativeMethodAccessorImpl.invoke0(Native Method)
	at sun.reflect.NativeMethodAccessorImpl.invoke(NativeMethodAccessorImpl.java:57)
	at sun.reflect.DelegatingMethodAccessorImpl.invoke(DelegatingMethodAccessorImpl.java:43)
	at java.lang.reflect.Method.invoke(Method.java:616)
	at org.hibernate.context.ThreadLocalSessionContext$TransactionProtectionWrapper.invoke(ThreadLocalSessionContext.java:344)
	at $Proxy0.saveOrUpdate(Unknown Source)
	at gr.manousos.DAO.Hibernate.E2Hibernate.submitE2(E2Hibernate.java:122)
	at gr.manousos.DAO.Hibernate.E2Hibernate.makePersistent(E2Hibernate.java:70)
	at gr.manousos.DAO.Hibernate.E2Hibernate.makePersistent(E2Hibernate.java:1)
	at gr.manousos.test.TestConsole.main(TestConsole.java:85)
Caused by: com.mysql.jdbc.exceptions.jdbc4.MySQLSyntaxErrorException: You have an error in your SQL syntax; check the manual that corresponds to your MySQL server version for the right syntax to use near 'From, To, MonthlyRental, RersentCoOwner, RevenueFreeHome, RevenueFreeOffice, Rev' at line 1
	at sun.reflect.NativeConstructorAccessorImpl.newInstance0(Native Method)
	at sun.reflect.NativeConstructorAccessorImpl.newInstance(NativeConstructorAccessorImpl.java:57)
	at sun.reflect.DelegatingConstructorAccessorImpl.newInstance(DelegatingConstructorAccessorImpl.java:45)
	at java.lang.reflect.Constructor.newInstance(Constructor.java:532)
	at com.mysql.jdbc.Util.handleNewInstance(Util.java:411)
	at com.mysql.jdbc.Util.getInstance(Util.java:386)
	at com.mysql.jdbc.SQLError.createSQLException(SQLError.java:1053)
	at com.mysql.jdbc.MysqlIO.checkErrorPacket(MysqlIO.java:4096)
	at com.mysql.jdbc.MysqlIO.checkErrorPacket(MysqlIO.java:4028)
	at com.mysql.jdbc.MysqlIO.sendCommand(MysqlIO.java:2490)
	at com.mysql.jdbc.MysqlIO.sqlQueryDirect(MysqlIO.java:2651)
	at com.mysql.jdbc.ConnectionImpl.execSQL(ConnectionImpl.java:2734)
	at com.mysql.jdbc.PreparedStatement.executeInternal(PreparedStatement.java:2155)
	at com.mysql.jdbc.PreparedStatement.executeUpdate(PreparedStatement.java:2458)
	at com.mysql.jdbc.PreparedStatement.executeUpdate(PreparedStatement.java:2375)
	at com.mysql.jdbc.PreparedStatement.executeUpdate(PreparedStatement.java:2359)
	at org.hibernate.id.IdentityGenerator$GetGeneratedKeysDelegate.executeAndExtract(IdentityGenerator.java:94)
	at org.hibernate.id.insert.AbstractReturningDelegate.performInsert(AbstractReturningDelegate.java:57)
	... 24 more
21:29:08,937 ERROR TaxpayerHibernate:73 - E2 makePersistent error 
org.hibernate.SessionException: Session is closed!
	at org.hibernate.impl.AbstractSessionImpl.errorIfClosed(AbstractSessionImpl.java:72)
	at org.hibernate.impl.SessionImpl.getTransaction(SessionImpl.java:1451)
	at sun.reflect.NativeMethodAccessorImpl.invoke0(Native Method)
	at sun.reflect.NativeMethodAccessorImpl.invoke(NativeMethodAccessorImpl.java:57)
	at sun.reflect.DelegatingMethodAccessorImpl.invoke(DelegatingMethodAccessorImpl.java:43)
	at java.lang.reflect.Method.invoke(Method.java:616)
	at org.hibernate.context.ThreadLocalSessionContext$TransactionProtectionWrapper.invoke(ThreadLocalSessionContext.java:344)
	at $Proxy0.getTransaction(Unknown Source)
	at gr.manousos.DAO.Hibernate.E2Hibernate.makePersistent(E2Hibernate.java:71)
	at gr.manousos.DAO.Hibernate.E2Hibernate.makePersistent(E2Hibernate.java:1)
	at gr.manousos.test.TestConsole.main(TestConsole.java:85)
19:58:14,925 ERROR TaxpayerHibernate:132 - E2 submit childs error. not-null property references a null or transient value: gr.manousos.model.E2estate.e2
org.hibernate.PropertyValueException: not-null property references a null or transient value: gr.manousos.model.E2estate.e2
	at org.hibernate.engine.Nullability.checkNullability(Nullability.java:101)
	at org.hibernate.event.def.AbstractSaveEventListener.performSaveOrReplicate(AbstractSaveEventListener.java:313)
	at org.hibernate.event.def.AbstractSaveEventListener.performSave(AbstractSaveEventListener.java:204)
	at org.hibernate.event.def.AbstractSaveEventListener.saveWithGeneratedId(AbstractSaveEventListener.java:130)
	at org.hibernate.event.def.DefaultSaveOrUpdateEventListener.saveWithGeneratedOrRequestedId(DefaultSaveOrUpdateEventListener.java:210)
	at org.hibernate.event.def.DefaultSaveOrUpdateEventListener.entityIsTransient(DefaultSaveOrUpdateEventListener.java:195)
	at org.hibernate.event.def.DefaultSaveOrUpdateEventListener.performSaveOrUpdate(DefaultSaveOrUpdateEventListener.java:117)
	at org.hibernate.event.def.DefaultSaveOrUpdateEventListener.onSaveOrUpdate(DefaultSaveOrUpdateEventListener.java:93)
	at org.hibernate.impl.SessionImpl.fireSaveOrUpdate(SessionImpl.java:677)
	at org.hibernate.impl.SessionImpl.saveOrUpdate(SessionImpl.java:669)
	at org.hibernate.impl.SessionImpl.saveOrUpdate(SessionImpl.java:665)
	at sun.reflect.NativeMethodAccessorImpl.invoke0(Native Method)
	at sun.reflect.NativeMethodAccessorImpl.invoke(NativeMethodAccessorImpl.java:57)
	at sun.reflect.DelegatingMethodAccessorImpl.invoke(DelegatingMethodAccessorImpl.java:43)
	at java.lang.reflect.Method.invoke(Method.java:616)
	at org.hibernate.context.ThreadLocalSessionContext$TransactionProtectionWrapper.invoke(ThreadLocalSessionContext.java:344)
	at $Proxy0.saveOrUpdate(Unknown Source)
	at gr.manousos.DAO.Hibernate.E2Hibernate.submitEstates(E2Hibernate.java:124)
	at gr.manousos.DAO.Hibernate.E2Hibernate.makePersistent(E2Hibernate.java:70)
	at gr.manousos.DAO.Hibernate.E2Hibernate.makePersistent(E2Hibernate.java:1)
	at gr.manousos.test.TestConsole.main(TestConsole.java:127)
19:58:15,056 ERROR TaxpayerHibernate:73 - E2 makePersistent error. Session is closed!
org.hibernate.SessionException: Session is closed!
	at org.hibernate.impl.AbstractSessionImpl.errorIfClosed(AbstractSessionImpl.java:72)
	at org.hibernate.impl.SessionImpl.getTransaction(SessionImpl.java:1451)
	at sun.reflect.NativeMethodAccessorImpl.invoke0(Native Method)
	at sun.reflect.NativeMethodAccessorImpl.invoke(NativeMethodAccessorImpl.java:57)
	at sun.reflect.DelegatingMethodAccessorImpl.invoke(DelegatingMethodAccessorImpl.java:43)
	at java.lang.reflect.Method.invoke(Method.java:616)
	at org.hibernate.context.ThreadLocalSessionContext$TransactionProtectionWrapper.invoke(ThreadLocalSessionContext.java:344)
	at $Proxy0.getTransaction(Unknown Source)
	at gr.manousos.DAO.Hibernate.E2Hibernate.makePersistent(E2Hibernate.java:71)
	at gr.manousos.DAO.Hibernate.E2Hibernate.makePersistent(E2Hibernate.java:1)
	at gr.manousos.test.TestConsole.main(TestConsole.java:127)
20:16:04,821 ERROR TaxpayerHibernate:132 - E2 submit childs error. not-null property references a null or transient value: gr.manousos.model.E2estate.e2
org.hibernate.PropertyValueException: not-null property references a null or transient value: gr.manousos.model.E2estate.e2
	at org.hibernate.engine.Nullability.checkNullability(Nullability.java:101)
	at org.hibernate.event.def.AbstractSaveEventListener.performSaveOrReplicate(AbstractSaveEventListener.java:313)
	at org.hibernate.event.def.AbstractSaveEventListener.performSave(AbstractSaveEventListener.java:204)
	at org.hibernate.event.def.AbstractSaveEventListener.saveWithGeneratedId(AbstractSaveEventListener.java:130)
	at org.hibernate.event.def.DefaultSaveOrUpdateEventListener.saveWithGeneratedOrRequestedId(DefaultSaveOrUpdateEventListener.java:210)
	at org.hibernate.event.def.DefaultSaveOrUpdateEventListener.entityIsTransient(DefaultSaveOrUpdateEventListener.java:195)
	at org.hibernate.event.def.DefaultSaveOrUpdateEventListener.performSaveOrUpdate(DefaultSaveOrUpdateEventListener.java:117)
	at org.hibernate.event.def.DefaultSaveOrUpdateEventListener.onSaveOrUpdate(DefaultSaveOrUpdateEventListener.java:93)
	at org.hibernate.impl.SessionImpl.fireSaveOrUpdate(SessionImpl.java:677)
	at org.hibernate.impl.SessionImpl.saveOrUpdate(SessionImpl.java:669)
	at org.hibernate.impl.SessionImpl.saveOrUpdate(SessionImpl.java:665)
	at sun.reflect.NativeMethodAccessorImpl.invoke0(Native Method)
	at sun.reflect.NativeMethodAccessorImpl.invoke(NativeMethodAccessorImpl.java:57)
	at sun.reflect.DelegatingMethodAccessorImpl.invoke(DelegatingMethodAccessorImpl.java:43)
	at java.lang.reflect.Method.invoke(Method.java:616)
	at org.hibernate.context.ThreadLocalSessionContext$TransactionProtectionWrapper.invoke(ThreadLocalSessionContext.java:344)
	at $Proxy0.saveOrUpdate(Unknown Source)
	at gr.manousos.DAO.Hibernate.E2Hibernate.submitEstates(E2Hibernate.java:124)
	at gr.manousos.DAO.Hibernate.E2Hibernate.makePersistent(E2Hibernate.java:70)
	at gr.manousos.DAO.Hibernate.E2Hibernate.makePersistent(E2Hibernate.java:1)
	at gr.manousos.test.TestConsole.main(TestConsole.java:127)
20:16:04,932 ERROR TaxpayerHibernate:73 - E2 makePersistent error. Session is closed!
org.hibernate.SessionException: Session is closed!
	at org.hibernate.impl.AbstractSessionImpl.errorIfClosed(AbstractSessionImpl.java:72)
	at org.hibernate.impl.SessionImpl.getTransaction(SessionImpl.java:1451)
	at sun.reflect.NativeMethodAccessorImpl.invoke0(Native Method)
	at sun.reflect.NativeMethodAccessorImpl.invoke(NativeMethodAccessorImpl.java:57)
	at sun.reflect.DelegatingMethodAccessorImpl.invoke(DelegatingMethodAccessorImpl.java:43)
	at java.lang.reflect.Method.invoke(Method.java:616)
	at org.hibernate.context.ThreadLocalSessionContext$TransactionProtectionWrapper.invoke(ThreadLocalSessionContext.java:344)
	at $Proxy0.getTransaction(Unknown Source)
	at gr.manousos.DAO.Hibernate.E2Hibernate.makePersistent(E2Hibernate.java:71)
	at gr.manousos.DAO.Hibernate.E2Hibernate.makePersistent(E2Hibernate.java:1)
	at gr.manousos.test.TestConsole.main(TestConsole.java:127)
20:22:12,236 ERROR TaxpayerHibernate:132 - E2 submit childs error. not-null property references a null or transient value: gr.manousos.model.E2estate.e2
org.hibernate.PropertyValueException: not-null property references a null or transient value: gr.manousos.model.E2estate.e2
	at org.hibernate.engine.Nullability.checkNullability(Nullability.java:101)
	at org.hibernate.event.def.AbstractSaveEventListener.performSaveOrReplicate(AbstractSaveEventListener.java:313)
	at org.hibernate.event.def.AbstractSaveEventListener.performSave(AbstractSaveEventListener.java:204)
	at org.hibernate.event.def.AbstractSaveEventListener.saveWithGeneratedId(AbstractSaveEventListener.java:130)
	at org.hibernate.event.def.DefaultSaveOrUpdateEventListener.saveWithGeneratedOrRequestedId(DefaultSaveOrUpdateEventListener.java:210)
	at org.hibernate.event.def.DefaultSaveOrUpdateEventListener.entityIsTransient(DefaultSaveOrUpdateEventListener.java:195)
	at org.hibernate.event.def.DefaultSaveOrUpdateEventListener.performSaveOrUpdate(DefaultSaveOrUpdateEventListener.java:117)
	at org.hibernate.event.def.DefaultSaveOrUpdateEventListener.onSaveOrUpdate(DefaultSaveOrUpdateEventListener.java:93)
	at org.hibernate.impl.SessionImpl.fireSaveOrUpdate(SessionImpl.java:677)
	at org.hibernate.impl.SessionImpl.saveOrUpdate(SessionImpl.java:669)
	at org.hibernate.impl.SessionImpl.saveOrUpdate(SessionImpl.java:665)
	at sun.reflect.NativeMethodAccessorImpl.invoke0(Native Method)
	at sun.reflect.NativeMethodAccessorImpl.invoke(NativeMethodAccessorImpl.java:57)
	at sun.reflect.DelegatingMethodAccessorImpl.invoke(DelegatingMethodAccessorImpl.java:43)
	at java.lang.reflect.Method.invoke(Method.java:616)
	at org.hibernate.context.ThreadLocalSessionContext$TransactionProtectionWrapper.invoke(ThreadLocalSessionContext.java:344)
	at $Proxy0.saveOrUpdate(Unknown Source)
	at gr.manousos.DAO.Hibernate.E2Hibernate.submitEstates(E2Hibernate.java:124)
	at gr.manousos.DAO.Hibernate.E2Hibernate.makePersistent(E2Hibernate.java:70)
	at gr.manousos.DAO.Hibernate.E2Hibernate.makePersistent(E2Hibernate.java:1)
	at gr.manousos.test.TestConsole.main(TestConsole.java:127)
20:22:12,303 ERROR TaxpayerHibernate:73 - E2 makePersistent error. Session is closed!
org.hibernate.SessionException: Session is closed!
	at org.hibernate.impl.AbstractSessionImpl.errorIfClosed(AbstractSessionImpl.java:72)
	at org.hibernate.impl.SessionImpl.getTransaction(SessionImpl.java:1451)
	at sun.reflect.NativeMethodAccessorImpl.invoke0(Native Method)
	at sun.reflect.NativeMethodAccessorImpl.invoke(NativeMethodAccessorImpl.java:57)
	at sun.reflect.DelegatingMethodAccessorImpl.invoke(DelegatingMethodAccessorImpl.java:43)
	at java.lang.reflect.Method.invoke(Method.java:616)
	at org.hibernate.context.ThreadLocalSessionContext$TransactionProtectionWrapper.invoke(ThreadLocalSessionContext.java:344)
	at $Proxy0.getTransaction(Unknown Source)
	at gr.manousos.DAO.Hibernate.E2Hibernate.makePersistent(E2Hibernate.java:71)
	at gr.manousos.DAO.Hibernate.E2Hibernate.makePersistent(E2Hibernate.java:1)
	at gr.manousos.test.TestConsole.main(TestConsole.java:127)
20:31:49,281 ERROR TaxpayerHibernate:132 - E2 submit childs error. not-null property references a null or transient value: gr.manousos.model.E2otherEstate.e2
org.hibernate.PropertyValueException: not-null property references a null or transient value: gr.manousos.model.E2otherEstate.e2
	at org.hibernate.engine.Nullability.checkNullability(Nullability.java:101)
	at org.hibernate.event.def.AbstractSaveEventListener.performSaveOrReplicate(AbstractSaveEventListener.java:313)
	at org.hibernate.event.def.AbstractSaveEventListener.performSave(AbstractSaveEventListener.java:204)
	at org.hibernate.event.def.AbstractSaveEventListener.saveWithGeneratedId(AbstractSaveEventListener.java:130)
	at org.hibernate.event.def.DefaultSaveOrUpdateEventListener.saveWithGeneratedOrRequestedId(DefaultSaveOrUpdateEventListener.java:210)
	at org.hibernate.event.def.DefaultSaveOrUpdateEventListener.entityIsTransient(DefaultSaveOrUpdateEventListener.java:195)
	at org.hibernate.event.def.DefaultSaveOrUpdateEventListener.performSaveOrUpdate(DefaultSaveOrUpdateEventListener.java:117)
	at org.hibernate.event.def.DefaultSaveOrUpdateEventListener.onSaveOrUpdate(DefaultSaveOrUpdateEventListener.java:93)
	at org.hibernate.impl.SessionImpl.fireSaveOrUpdate(SessionImpl.java:677)
	at org.hibernate.impl.SessionImpl.saveOrUpdate(SessionImpl.java:669)
	at org.hibernate.impl.SessionImpl.saveOrUpdate(SessionImpl.java:665)
	at sun.reflect.NativeMethodAccessorImpl.invoke0(Native Method)
	at sun.reflect.NativeMethodAccessorImpl.invoke(NativeMethodAccessorImpl.java:57)
	at sun.reflect.DelegatingMethodAccessorImpl.invoke(DelegatingMethodAccessorImpl.java:43)
	at java.lang.reflect.Method.invoke(Method.java:616)
	at org.hibernate.context.ThreadLocalSessionContext$TransactionProtectionWrapper.invoke(ThreadLocalSessionContext.java:344)
	at $Proxy0.saveOrUpdate(Unknown Source)
	at gr.manousos.DAO.Hibernate.E2Hibernate.submitEstates(E2Hibernate.java:130)
	at gr.manousos.DAO.Hibernate.E2Hibernate.makePersistent(E2Hibernate.java:70)
	at gr.manousos.DAO.Hibernate.E2Hibernate.makePersistent(E2Hibernate.java:1)
	at gr.manousos.test.TestConsole.main(TestConsole.java:127)
20:33:14,048 ERROR TaxpayerHibernate:73 - E2 makePersistent error. Session is closed!
org.hibernate.SessionException: Session is closed!
	at org.hibernate.impl.AbstractSessionImpl.errorIfClosed(AbstractSessionImpl.java:72)
	at org.hibernate.impl.SessionImpl.getTransaction(SessionImpl.java:1451)
	at sun.reflect.NativeMethodAccessorImpl.invoke0(Native Method)
	at sun.reflect.NativeMethodAccessorImpl.invoke(NativeMethodAccessorImpl.java:57)
	at sun.reflect.DelegatingMethodAccessorImpl.invoke(DelegatingMethodAccessorImpl.java:43)
	at java.lang.reflect.Method.invoke(Method.java:616)
	at org.hibernate.context.ThreadLocalSessionContext$TransactionProtectionWrapper.invoke(ThreadLocalSessionContext.java:344)
	at $Proxy0.getTransaction(Unknown Source)
	at gr.manousos.DAO.Hibernate.E2Hibernate.makePersistent(E2Hibernate.java:71)
	at gr.manousos.DAO.Hibernate.E2Hibernate.makePersistent(E2Hibernate.java:1)
	at gr.manousos.test.TestConsole.main(TestConsole.java:127)
20:35:05,369 ERROR TaxpayerHibernate:132 - E2 submit childs error. not-null property references a null or transient value: gr.manousos.model.E2otherEstate.e2
org.hibernate.PropertyValueException: not-null property references a null or transient value: gr.manousos.model.E2otherEstate.e2
	at org.hibernate.engine.Nullability.checkNullability(Nullability.java:101)
	at org.hibernate.event.def.AbstractSaveEventListener.performSaveOrReplicate(AbstractSaveEventListener.java:313)
	at org.hibernate.event.def.AbstractSaveEventListener.performSave(AbstractSaveEventListener.java:204)
	at org.hibernate.event.def.AbstractSaveEventListener.saveWithGeneratedId(AbstractSaveEventListener.java:130)
	at org.hibernate.event.def.DefaultSaveOrUpdateEventListener.saveWithGeneratedOrRequestedId(DefaultSaveOrUpdateEventListener.java:210)
	at org.hibernate.event.def.DefaultSaveOrUpdateEventListener.entityIsTransient(DefaultSaveOrUpdateEventListener.java:195)
	at org.hibernate.event.def.DefaultSaveOrUpdateEventListener.performSaveOrUpdate(DefaultSaveOrUpdateEventListener.java:117)
	at org.hibernate.event.def.DefaultSaveOrUpdateEventListener.onSaveOrUpdate(DefaultSaveOrUpdateEventListener.java:93)
	at org.hibernate.impl.SessionImpl.fireSaveOrUpdate(SessionImpl.java:677)
	at org.hibernate.impl.SessionImpl.saveOrUpdate(SessionImpl.java:669)
	at org.hibernate.impl.SessionImpl.saveOrUpdate(SessionImpl.java:665)
	at sun.reflect.NativeMethodAccessorImpl.invoke0(Native Method)
	at sun.reflect.NativeMethodAccessorImpl.invoke(NativeMethodAccessorImpl.java:57)
	at sun.reflect.DelegatingMethodAccessorImpl.invoke(DelegatingMethodAccessorImpl.java:43)
	at java.lang.reflect.Method.invoke(Method.java:616)
	at org.hibernate.context.ThreadLocalSessionContext$TransactionProtectionWrapper.invoke(ThreadLocalSessionContext.java:344)
	at $Proxy0.saveOrUpdate(Unknown Source)
	at gr.manousos.DAO.Hibernate.E2Hibernate.submitEstates(E2Hibernate.java:130)
	at gr.manousos.DAO.Hibernate.E2Hibernate.makePersistent(E2Hibernate.java:70)
	at gr.manousos.DAO.Hibernate.E2Hibernate.makePersistent(E2Hibernate.java:1)
	at gr.manousos.test.TestConsole.main(TestConsole.java:127)
20:35:05,439 ERROR TaxpayerHibernate:73 - E2 makePersistent error. Session is closed!
org.hibernate.SessionException: Session is closed!
	at org.hibernate.impl.AbstractSessionImpl.errorIfClosed(AbstractSessionImpl.java:72)
	at org.hibernate.impl.SessionImpl.getTransaction(SessionImpl.java:1451)
	at sun.reflect.NativeMethodAccessorImpl.invoke0(Native Method)
	at sun.reflect.NativeMethodAccessorImpl.invoke(NativeMethodAccessorImpl.java:57)
	at sun.reflect.DelegatingMethodAccessorImpl.invoke(DelegatingMethodAccessorImpl.java:43)
	at java.lang.reflect.Method.invoke(Method.java:616)
	at org.hibernate.context.ThreadLocalSessionContext$TransactionProtectionWrapper.invoke(ThreadLocalSessionContext.java:344)
	at $Proxy0.getTransaction(Unknown Source)
	at gr.manousos.DAO.Hibernate.E2Hibernate.makePersistent(E2Hibernate.java:71)
	at gr.manousos.DAO.Hibernate.E2Hibernate.makePersistent(E2Hibernate.java:1)
	at gr.manousos.test.TestConsole.main(TestConsole.java:127)
20:21:46,085 ERROR TaxpayerHibernate:167 - getTaxpayerByUserName Error= java.lang.ClassCastException: gr.manousos.model.User cannot be cast to gr.manousos.model.Taxpayer
